Godot Engine v4.5.1.stable.mono.official.f62fdbde1 - https://godotengine.org
Vulkan 1.4.323 - Forward Mobile - Using Device #0: Intel - Intel(R) UHD Graphics

ERROR: Resource file not found: res://Dark (expected type: unknown)
   at: _load (core/io/resource_loader.cpp:351)
ERROR: Error loading custom project theme 'Dark'
   at: initialize_theme (scene/theme/theme_db.cpp:69)
HTTP completed:0200finished_request:4
RESPONSE HEAD:[{"name":"Delphidia Sector","description":"This is a battle for the Delphidia Sector. This battle is part of the Planets
GameConfig: races loaded =13 keys =13
GameConfig: sample race id=0 adjective=Unknown shortname=Unknown
HTTP completed:0200finished_request:2
RESPONSE HEAD:{"success":true,"canmessage":true,"rst":{"settings": {"minefieldsvisible":false,"allshareintel":false,"nebulas":4,"stars
HTTP completed:0200finished_request:4
RESPONSE HEAD:[{"name":"Delphidia Sector","description":"This is a battle for the Delphidia Sector. This battle is part of the Planets
HTTP completed:0200finished_request:2
RESPONSE HEAD:{"success":true,"canmessage":true,"rst":{"settings": {"minefieldsvisible":false,"allshareintel":false,"nebulas":3,"stars
SCRIPT ERROR: Invalid call. Nonexistent function 'native_is_maxed' in base 'Node (PlanetMath)'.
   at: _native_cap_tax (res://Scripts/Data/RandAIPlanner.gd:197)
   GDScript backtrace (most recent call first):
       [0] _native_cap_tax (res://Scripts/Data/RandAIPlanner.gd:197)
       [1] apply_to_planets (res://Scripts/Data/RandAIPlanner.gd:48)
       [2] _on_manage_button_pressed (res://Scripts/planets_menu.gd:121)
